<?xml version="1.0" encoding="UTF-8"?>
<!-- Generated by org.testng.reporters.JUnitReportReporter -->
<testsuite skipped="0" hostname="ICPL13358.local" name="TestCases.SampleTestCases" tests="1" failures="0" timestamp="15 Aug 2020 06:38:26 GMT" time="0.007" errors="0">
  <testcase name="test" time="0.007" classname="TestCases.SampleTestCases"/>
</testsuite> <!-- TestCases.SampleTestCases -->
